2024-10-15 20:27:20,383 - asyncio - DEBUG - Using selector: EpollSelector
2024-10-15 20:27:44,180 - asyncio - DEBUG - Using selector: EpollSelector
2024-10-15 20:27:51,709 - django.utils.autoreload - INFO - Watching for file changes with StatReloader
2024-10-15 20:28:59,469 - asyncio - DEBUG - Using selector: EpollSelector
2024-10-15 20:29:19,355 - asyncio - DEBUG - Using selector: EpollSelector
2024-10-15 20:29:27,618 - django.utils.autoreload - INFO - Watching for file changes with StatReloader
2024-10-15 20:31:13,480 - asyncio - DEBUG - Using selector: EpollSelector
2024-10-15 20:31:32,552 - asyncio - DEBUG - Using selector: EpollSelector
2024-10-15 20:31:39,909 - django.utils.autoreload - INFO - Watching for file changes with StatReloader
2024-10-15 20:33:11,748 - django.utils.autoreload - INFO - /mnt/c/Users/HomePC/Codes/Whisper/Whisper/settings.py changed, reloading.
2024-10-15 20:33:50,965 - asyncio - DEBUG - Using selector: EpollSelector
2024-10-15 20:34:11,388 - asyncio - DEBUG - Using selector: EpollSelector
2024-10-15 20:34:18,731 - django.utils.autoreload - INFO - Watching for file changes with StatReloader
2024-10-15 20:34:43,067 - asyncio - DEBUG - Using selector: EpollSelector
2024-10-15 20:40:36,332 - asyncio - DEBUG - Using selector: EpollSelector
2024-10-15 20:41:01,101 - asyncio - DEBUG - Using selector: EpollSelector
2024-10-15 20:41:11,427 - django.utils.autoreload - INFO - Watching for file changes with StatReloader
2024-10-15 20:45:44,200 - asyncio - DEBUG - Using selector: EpollSelector
2024-10-15 20:46:21,804 - asyncio - DEBUG - Using selector: EpollSelector
2024-10-15 20:46:44,702 - asyncio - DEBUG - Using selector: EpollSelector
2024-10-15 20:46:55,138 - django.utils.autoreload - INFO - Watching for file changes with StatReloader
2024-10-15 20:47:02,351 - honeybadger.plugins - INFO - Registering plugin Django
2024-10-15 20:47:02,502 - daphne.server - INFO - HTTP/2 support not enabled (install the http2 and tls Twisted extras)
2024-10-15 20:47:02,505 - daphne.server - INFO - Configuring endpoint tcp:port=8000:interface=127.0.0.1
2024-10-15 20:47:02,510 - daphne.server - INFO - Listening on TCP address 127.0.0.1:8000
2024-10-15 20:48:09,382 - asyncio - DEBUG - Using selector: EpollSelector
